# JRE version: Java(TM) SE Runtime Environment (8.0_73-b02) (build 1.8.0_73-b02)
# Java VM: Java HotSpot(TM) 64-Bit Server VM (25.73-b02 mixed mode windows-amd64 compressed oops)
Heap:
 PSYoungGen      total 76288K, used 30998K [0x000000076ad80000, 0x0000000771780000, 0x00000007c0000000)
  eden space 65536K, 35% used [0x000000076ad80000,0x000000076c429028,0x000000076ed80000)
  from space 10752K, 72% used [0x000000076ed80000,0x000000076f51c7f0,0x000000076f800000)
  to   space 10752K, 0% used [0x0000000770d00000,0x0000000770d00000,0x0000000771780000)
 ParOldGen       total 116736K, used 8799K [0x00000006c0800000, 0x00000006c7a00000, 0x000000076ad80000)
  object space 116736K, 7% used [0x00000006c0800000,0x00000006c1097d60,0x00000006c7a00000)
 Metaspace       used 28127K, capacity 29752K, committed 29952K, reserved 1073152K
  class space    used 5077K, capacity 5599K, committed 5632K, reserved 1048576K
GC Heap History (8 events):
Event: 1.461 GC heap before
{Heap before GC invocations=1 (full 0):
 PSYoungGen      total 76288K, used 65536K [0x000000076ad80000, 0x0000000770280000, 0x00000007c0000000)
  eden space 65536K, 100% used [0x000000076ad80000,0x000000076ed80000,0x000000076ed80000)
  from space 10752K, 0% used [0x000000076f800000,0x000000076f800000,0x0000000770280000)
  to   space 10752K, 0% used [0x000000076ed80000,0x000000076ed80000,0x000000076f800000)
 ParOldGen       total 175104K, used 0K [0x00000006c0800000, 0x00000006cb300000, 0x000000076ad80000)
  object space 175104K, 0% used [0x00000006c0800000,0x00000006c0800000,0x00000006cb300000)
 Metaspace       used 16050K, capacity 16332K, committed 16512K, reserved 1062912K
  class space    used 2806K, capacity 2894K, committed 2944K, reserved 1048576K
Event: 1.470 GC heap after
Heap after GC invocations=1 (full 0):
 PSYoungGen      total 76288K, used 10740K [0x000000076ad80000, 0x0000000770280000, 0x00000007c0000000)
  eden space 65536K, 0% used [0x000000076ad80000,0x000000076ad80000,0x000000076ed80000)
  from space 10752K, 99% used [0x000000076ed80000,0x000000076f7fd058,0x000000076f800000)
  to   space 10752K, 0% used [0x000000076f800000,0x000000076f800000,0x0000000770280000)
 ParOldGen       total 175104K, used 518K [0x00000006c0800000, 0x00000006cb300000, 0x000000076ad80000)
  object space 175104K, 0% used [0x00000006c0800000,0x00000006c0881bc8,0x00000006cb300000)
 Metaspace       used 16050K, capacity 16332K, committed 16512K, reserved 1062912K
  class space    used 2806K, capacity 2894K, committed 2944K, reserved 1048576K
}
Event: 2.133 GC heap before
{Heap before GC invocations=2 (full 0):
 PSYoungGen      total 76288K, used 56782K [0x000000076ad80000, 0x0000000770280000, 0x00000007c0000000)
  eden space 65536K, 70% used [0x000000076ad80000,0x000000076da76808,0x000000076ed80000)
  from space 10752K, 99% used [0x000000076ed80000,0x000000076f7fd058,0x000000076f800000)
  to   space 10752K, 0% used [0x000000076f800000,0x000000076f800000,0x0000000770280000)
 ParOldGen       total 175104K, used 518K [0x00000006c0800000, 0x00000006cb300000, 0x000000076ad80000)
  object space 175104K, 0% used [0x00000006c0800000,0x00000006c0881bc8,0x00000006cb300000)
 Metaspace       used 20278K, capacity 21114K, committed 21296K, reserved 1067008K
  class space    used 3590K, capacity 3858K, committed 3968K, reserved 1048576K
Event: 2.141 GC heap after
Heap after GC invocations=2 (full 0):
 PSYoungGen      total 76288K, used 9060K [0x000000076ad80000, 0x0000000770280000, 0x00000007c0000000)
  eden space 65536K, 0% used [0x000000076ad80000,0x000000076ad80000,0x000000076ed80000)
  from space 10752K, 84% used [0x000000076f800000,0x00000007700d9208,0x0000000770280000)
  to   space 10752K, 0% used [0x000000076ed80000,0x000000076ed80000,0x000000076f800000)
 ParOldGen       total 175104K, used 534K [0x00000006c0800000, 0x00000006cb300000, 0x000000076ad80000)
  object space 175104K, 0% used [0x00000006c0800000,0x00000006c0885bc8,0x00000006cb300000)
 Metaspace       used 20278K, capacity 21114K, committed 21296K, reserved 1067008K
  class space    used 3590K, capacity 3858K, committed 3968K, reserved 1048576K
}
Event: 2.141 GC heap before
{Heap before GC invocations=3 (full 1):
 PSYoungGen      total 76288K, used 9060K [0x000000076ad80000, 0x0000000770280000, 0x00000007c0000000)
  eden space 65536K, 0% used [0x000000076ad80000,0x000000076ad80000,0x000000076ed80000)
  from space 10752K, 84% used [0x000000076f800000,0x00000007700d9208,0x0000000770280000)
  to   space 10752K, 0% used [0x000000076ed80000,0x000000076ed80000,0x000000076f800000)
 ParOldGen       total 175104K, used 534K [0x00000006c0800000, 0x00000006cb300000, 0x000000076ad80000)
  object space 175104K, 0% used [0x00000006c0800000,0x00000006c0885bc8,0x00000006cb300000)
 Metaspace       used 20278K, capacity 21114K, committed 21296K, reserved 1067008K
  class space    used 3590K, capacity 3858K, committed 3968K, reserved 1048576K
Event: 2.172 GC heap after
Heap after GC invocations=3 (full 1):
 PSYoungGen      total 76288K, used 0K [0x000000076ad80000, 0x0000000770280000, 0x00000007c0000000)
  eden space 65536K, 0% used [0x000000076ad80000,0x000000076ad80000,0x000000076ed80000)
  from space 10752K, 0% used [0x000000076f800000,0x000000076f800000,0x0000000770280000)
  to   space 10752K, 0% used [0x000000076ed80000,0x000000076ed80000,0x000000076f800000)
 ParOldGen       total 116736K, used 8791K [0x00000006c0800000, 0x00000006c7a00000, 0x000000076ad80000)
  object space 116736K, 7% used [0x00000006c0800000,0x00000006c1095d60,0x00000006c7a00000)
 Metaspace       used 20278K, capacity 21114K, committed 21296K, reserved 1067008K
  class space    used 3590K, capacity 3858K, committed 3968K, reserved 1048576K
}
Event: 4.336 GC heap before
{Heap before GC invocations=4 (full 1):
 PSYoungGen      total 76288K, used 65536K [0x000000076ad80000, 0x0000000770280000, 0x00000007c0000000)
  eden space 65536K, 100% used [0x000000076ad80000,0x000000076ed80000,0x000000076ed80000)
  from space 10752K, 0% used [0x000000076f800000,0x000000076f800000,0x0000000770280000)
  to   space 10752K, 0% used [0x000000076ed80000,0x000000076ed80000,0x000000076f800000)
 ParOldGen       total 116736K, used 8791K [0x00000006c0800000, 0x00000006c7a00000, 0x000000076ad80000)
  object space 116736K, 7% used [0x00000006c0800000,0x00000006c1095d60,0x00000006c7a00000)
 Metaspace       used 27377K, capacity 28658K, committed 28800K, reserved 1073152K
  class space    used 4842K, capacity 5225K, committed 5248K, reserved 1048576K
Event: 4.344 GC heap after
Heap after GC invocations=4 (full 1):
 PSYoungGen      total 76288K, used 7793K [0x000000076ad80000, 0x0000000771780000, 0x00000007c0000000)
  eden space 65536K, 0% used [0x000000076ad80000,0x000000076ad80000,0x000000076ed80000)
  from space 10752K, 72% used [0x000000076ed80000,0x000000076f51c7f0,0x000000076f800000)
  to   space 10752K, 0% used [0x0000000770d00000,0x0000000770d00000,0x0000000771780000)
 ParOldGen       total 116736K, used 8799K [0x00000006c0800000, 0x00000006c7a00000, 0x000000076ad80000)
  object space 116736K, 7% used [0x00000006c0800000,0x00000006c1097d60,0x00000006c7a00000)
 Metaspace       used 27377K, capacity 28658K, committed 28800K, reserved 1073152K
  class space    used 4842K, capacity 5225K, committed 5248K, reserved 1048576K
}

